<?xml version="1.0" encoding="UTF-8"?>
<!-- Generated by org.testng.reporters.JUnitXMLReporter -->
<testsuite ignored="0" hostname="PT168LT" failures="0" tests="3" name="Default test" time="2.159" errors="0" timestamp="2023-11-06T15:29:23 IST">
  <testcase classname="testCases.APITest" name="addBookTest" time="1.269"/>
  <testcase classname="testCases.APITest" name="getBookByID" time="0.1"/>
  <testcase classname="testCases.APITest" name="DeleteBook" time="0.085"/>
</testsuite> <!-- Default test -->
