<?xml version="1.0" encoding="UTF-8"?>
<!-- Generated by org.testng.reporters.JUnitXMLReporter -->
<testsuite ignored="0" hostname="PT168LT" failures="0" tests="5" name="Test" time="17.181" errors="0" timestamp="2023-10-31T20:41:45 IST">
  <testcase classname="testCases.test" name="test1" time="0.016"/>
  <testcase classname="testCases.test" name="test1" time="0.002"/>
  <testcase classname="testCases.test" name="test1" time="0.002"/>
  <testcase classname="testCases.test" name="test1" time="0.001"/>
  <testcase classname="testCases.test" name="test2" time="0.003"/>
</testsuite> <!-- Test -->
